<?xml version="1.0" encoding="UTF-8"?>
<!-- Generated by org.testng.reporters.JUnitXMLReporter -->
<testsuite ignored="0" hostname="DESKTOP-7UDQK9U" failures="0" tests="4" name="Test" time="16.668" errors="0" timestamp="2024-07-30T18:27:26 IST">
  <testcase classname="Command.MavenCommand.FourTest" name="mFour" time="0.006"/>
  <testcase classname="Command.MavenCommand.ThreeTest" name="mThree" time="0.001"/>
  <testcase classname="Command.MavenCommand.OneTest" name="testOne" time="16.213"/>
  <testcase classname="Command.MavenCommand.TwoTest" name="mTwo" time="0.001"/>
</testsuite> <!-- Test -->
