<?xml version="1.0" encoding="UTF-8"?>
<testng-results ignored="0" total="1" passed="1" failed="0" skipped="0">
  <reporter-output>
  </reporter-output>
  <suite started-at="2024-08-01T19:10:58 IST" name="Default suite" finished-at="2024-08-01T19:11:13 IST" duration-ms="14736">
    <groups>
    </groups>
    <test started-at="2024-08-01T19:10:58 IST" name="Default test" finished-at="2024-08-01T19:11:13 IST" duration-ms="14736">
      <class name="ppack.LoginTest">
        <test-method signature="login()[pri:0, instance:ppack.LoginTest@1ffaf86]" started-at="2024-08-01T19:10:58 IST" name="login" finished-at="2024-08-01T19:11:13 IST" duration-ms="14525" status="PASS">
          <reporter-output>
          </reporter-output>
        </test-method> <!-- login -->
        <test-method is-config="true" signature="closure()[pri:0, instance:ppack.LoginTest@1ffaf86]" started-at="2024-08-01T19:11:13 IST" name="closure" finished-at="2024-08-01T19:11:13 IST" duration-ms="145" status="PASS">
          <reporter-output>
          </reporter-output>
        </test-method> <!-- closure -->
      </class> <!-- ppack.LoginTest -->
    </test> <!-- Default test -->
  </suite> <!-- Default suite -->
</testng-results>
