<?xml version="1.0" encoding="UTF-8"?>
<!-- Generated by org.testng.reporters.JUnitXMLReporter -->
<testsuite ignored="0" hostname="DESKTOP-7UDQK9U" failures="0" tests="4" name="Default test" time="0.067" errors="0" timestamp="2024-07-29T16:21:21 IST">
  <testcase classname="kpack.ClassNine" name="loginTest" time="0.006"/>
  <testcase classname="kpack.ClassNine" name="loginTest" time="0.001"/>
  <testcase classname="kpack.ClassNine" name="loginTest" time="0.002"/>
  <testcase classname="kpack.ClassNine" name="loginTest" time="0.001"/>
</testsuite> <!-- Default test -->
