<?xml version="1.0" encoding="UTF-8"?>
<!-- Generated by org.testng.reporters.JUnitXMLReporter -->
<testsuite ignored="0" hostname="DESKTOP-7UDQK9U" failures="1" tests="1" name="Surefire test" time="11.438" errors="0" timestamp="2024-07-31T13:42:59 IST">
  <testcase classname="Reports.ExtendReport.DemoTest" name="TestOne" time="11.007">
    <failure type="java.lang.AssertionError" message="expected [PracticeAutomationHereABC] but found [PracticeAutomationHere]">
      <![CDATA[java.lang.AssertionError: expected [PracticeAutomationHereABC] but found [PracticeAutomationHere]
at Reports.ExtendReport.DemoTest.TestOne(DemoTest.java:26)
at java.base/java.util.ArrayList.forEach(ArrayList.java:1541)
... Removed 38 stack frames]]>
    </failure>
  </testcase> <!-- TestOne -->
</testsuite> <!-- Surefire test -->
