<?xml version="1.0" encoding="UTF-8"?>
<!-- Generated by org.testng.reporters.JUnitXMLReporter -->
<testsuite ignored="0" hostname="DESKTOP-7UDQK9U" failures="0" tests="7" name="Ecomm" time="0.126" errors="0" timestamp="2024-07-26T14:24:52 IST">
  <testcase classname="testnj.ClassOne" name="testOne" time="0.01"/>
  <testcase classname="testnj.ClassTwo" name="testTwo" time="0.001"/>
  <testcase classname="testnj.ClassThree" name="testThree" time="0.005"/>
  <testcase classname="epack.ClassFour" name="testFour" time="0.002"/>
  <testcase classname="epack.ClassFive" name="testFive" time="0.002"/>
  <testcase classname="epack.ClassSix" name="testSix" time="0.005"/>
  <testcase classname="kpack.ClassSeven" name="testSeven" time="0.003"/>
</testsuite> <!-- Ecomm -->
