<?xml version="1.0" encoding="UTF-8"?>
<testng-results ignored="0" total="1" passed="1" failed="0" skipped="0">
  <reporter-output>
  </reporter-output>
  <suite started-at="2024-07-30T15:32:11 IST" name="Default suite" finished-at="2024-07-30T15:32:34 IST" duration-ms="23300">
    <groups>
    </groups>
    <test started-at="2024-07-30T15:32:11 IST" name="Default test" finished-at="2024-07-30T15:32:34 IST" duration-ms="23300">
      <class name="Command.MavenCommand.OneTest">
        <test-method signature="testOne()[pri:0, instance:Command.MavenCommand.OneTest@4d154ccd]" started-at="2024-07-30T15:32:11 IST" name="testOne" finished-at="2024-07-30T15:32:34 IST" duration-ms="23187" status="PASS">
          <reporter-output>
          </reporter-output>
        </test-method> <!-- testOne -->
      </class> <!-- Command.MavenCommand.OneTest -->
    </test> <!-- Default test -->
  </suite> <!-- Default suite -->
</testng-results>
