<?xml version="1.0" encoding="UTF-8"?>
<testng-results ignored="0" total="1" passed="1" failed="0" skipped="0">
  <reporter-output>
  </reporter-output>
  <suite started-at="2024-07-31T14:24:38 IST" name="Default suite" finished-at="2024-07-31T14:24:54 IST" duration-ms="15115">
    <groups>
    </groups>
    <test started-at="2024-07-31T14:24:38 IST" name="Default test" finished-at="2024-07-31T14:24:54 IST" duration-ms="15115">
      <class name="Reports.ExtendReport.DemoTest">
        <test-method is-config="true" signature="Configuration()[pri:0, instance:Reports.ExtendReport.DemoTest@63376bed]" started-at="2024-07-31T14:24:39 IST" name="Configuration" finished-at="2024-07-31T14:24:39 IST" duration-ms="415" status="PASS">
          <reporter-output>
          </reporter-output>
        </test-method> <!-- Configuration -->
        <test-method signature="TestOne()[pri:0, instance:Reports.ExtendReport.DemoTest@63376bed]" started-at="2024-07-31T14:24:39 IST" name="TestOne" finished-at="2024-07-31T14:24:53 IST" duration-ms="13635" status="PASS">
          <reporter-output>
          </reporter-output>
        </test-method> <!-- TestOne -->
        <test-method is-config="true" signature="closure()[pri:0, instance:Reports.ExtendReport.DemoTest@63376bed]" started-at="2024-07-31T14:24:53 IST" name="closure" finished-at="2024-07-31T14:24:54 IST" duration-ms="993" status="PASS">
          <reporter-output>
          </reporter-output>
        </test-method> <!-- closure -->
      </class> <!-- Reports.ExtendReport.DemoTest -->
    </test> <!-- Default test -->
  </suite> <!-- Default suite -->
</testng-results>
