<?xml version="1.0" encoding="UTF-8"?>
<!-- Generated by org.testng.reporters.JUnitXMLReporter -->
<testsuite ignored="0" hostname="DESKTOP-7UDQK9U" failures="0" tests="4" name="Netbanking" time="0.107" errors="0" timestamp="2024-07-26T15:35:17 IST">
  <testcase classname="epack.ClassFive" name="testFive" time="0.005"/>
  <testcase classname="kpack.ClassSeven" name="testSeven" time="0.002"/>
  <testcase classname="epack.ClassFour" name="testFour" time="0.004"/>
  <testcase classname="epack.ClassSix" name="testSix" time="0.015"/>
</testsuite> <!-- Netbanking -->
