<?xml version="1.0" encoding="UTF-8"?>
<testng-results ignored="0" total="4" passed="4" failed="0" skipped="0">
  <reporter-output>
  </reporter-output>
  <suite started-at="2024-07-30T18:27:09 IST" name="Suite" finished-at="2024-07-30T18:27:26 IST" duration-ms="16668">
    <groups>
    </groups>
    <test started-at="2024-07-30T18:27:09 IST" name="Test" finished-at="2024-07-30T18:27:26 IST" duration-ms="16668">
      <class name="Command.MavenCommand.FourTest">
        <test-method signature="mFour()[pri:0, instance:Command.MavenCommand.FourTest@4f2b503c]" started-at="2024-07-30T18:27:09 IST" name="mFour" finished-at="2024-07-30T18:27:09 IST" duration-ms="6" status="PASS">
          <reporter-output>
          </reporter-output>
        </test-method> <!-- mFour -->
      </class> <!-- Command.MavenCommand.FourTest -->
      <class name="Command.MavenCommand.OneTest">
        <test-method signature="testOne()[pri:0, instance:Command.MavenCommand.OneTest@2dc54ad4]" started-at="2024-07-30T18:27:09 IST" name="testOne" finished-at="2024-07-30T18:27:26 IST" duration-ms="16213" status="PASS">
          <reporter-output>
          </reporter-output>
        </test-method> <!-- testOne -->
        <test-method is-config="true" signature="closure()[pri:0, instance:Command.MavenCommand.OneTest@2dc54ad4]" started-at="2024-07-30T18:27:26 IST" name="closure" finished-at="2024-07-30T18:27:26 IST" duration-ms="396" status="PASS">
          <reporter-output>
          </reporter-output>
        </test-method> <!-- closure -->
      </class> <!-- Command.MavenCommand.OneTest -->
      <class name="Command.MavenCommand.ThreeTest">
        <test-method signature="mThree()[pri:0, instance:Command.MavenCommand.ThreeTest@7c711375]" started-at="2024-07-30T18:27:09 IST" name="mThree" finished-at="2024-07-30T18:27:09 IST" duration-ms="1" status="PASS">
          <reporter-output>
          </reporter-output>
        </test-method> <!-- mThree -->
      </class> <!-- Command.MavenCommand.ThreeTest -->
      <class name="Command.MavenCommand.TwoTest">
        <test-method signature="mTwo()[pri:0, instance:Command.MavenCommand.TwoTest@4659191b]" started-at="2024-07-30T18:27:26 IST" name="mTwo" finished-at="2024-07-30T18:27:26 IST" duration-ms="1" status="PASS">
          <reporter-output>
          </reporter-output>
        </test-method> <!-- mTwo -->
      </class> <!-- Command.MavenCommand.TwoTest -->
    </test> <!-- Test -->
  </suite> <!-- Suite -->
</testng-results>
